<?xml version="1.0" encoding="UTF-8"?>
<testsuite name="com.example.ArgumentParserUT" tests="3" skipped="0" failures="0" errors="0" timestamp="2017-04-07T05:48:12" hostname="문성진-PC" time="0.009">
  <properties/>
  <testcase name="when_pinfu_tsumo_20_then_peace_and_tsumo_is_true_and_hansu_is_2_and_code_is_30" classname="com.example.ArgumentParserUT" time="0.007"/>
  <testcase name="when_tsumo_20_then_throw_IllegalArgumentException" classname="com.example.ArgumentParserUT" time="0.001"/>
  <testcase name="when_men_tan_pin_30_then_peace_is_true_and_hansu_is_3_and_code_is_30" classname="com.example.ArgumentParserUT" time="0.001"/>
  <system-out><![CDATA[]]></system-out>
  <system-err><![CDATA[]]></system-err>
</testsuite>
