<?xml version="1.0" encoding="UTF-8"?>
<testsuite name="com.example.calc.internal.SimpleScoreCalculatorImplInnerUT" tests="3" skipped="0" failures="0" errors="0" timestamp="2017-04-07T05:30:19" hostname="문성진-PC" time="0.003">
  <properties/>
  <testcase name="when_code_is_30_then_index_is_1" classname="com.example.calc.internal.SimpleScoreCalculatorImplInnerUT" time="0.002"/>
  <testcase name="when_code_is_20_then_index_is_0" classname="com.example.calc.internal.SimpleScoreCalculatorImplInnerUT" time="0.0"/>
  <testcase name="when_code_is_32_then_index_is_2" classname="com.example.calc.internal.SimpleScoreCalculatorImplInnerUT" time="0.001"/>
  <system-out><![CDATA[]]></system-out>
  <system-err><![CDATA[]]></system-err>
</testsuite>
