<?xml version="1.0" encoding="UTF-8"?>
<testsuite name="com.example.bean.ExampleBeanTest" tests="4" skipped="0" failures="0" errors="0" timestamp="2017-04-07T07:45:56" hostname="문성진-PC" time="0.107">
  <properties/>
  <testcase name="this_test_will_succeed" classname="com.example.bean.ExampleBeanTest" time="0.091"/>
  <testcase name="this_test_will_succeed_too" classname="com.example.bean.ExampleBeanTest" time="0.001"/>
  <testcase name="this_test_will_succeed" classname="com.example.bean.ExampleBeanTest" time="0.0"/>
  <testcase name="this_test_will_succeed_too" classname="com.example.bean.ExampleBeanTest" time="0.0"/>
  <system-out><![CDATA[16:45:56.589 [Test worker] INFO  com.example.bean.ExampleBean - ExampleBean class loaded.
16:45:56.593 [Test worker] DEBUG com.example.bean.ExampleBean - setName() - start
16:45:56.593 [Test worker] DEBUG com.example.bean.ExampleBean - setName() - end
16:45:56.593 [Test worker] DEBUG com.example.bean.ExampleBean - setValue() - start
16:45:56.593 [Test worker] DEBUG com.example.bean.ExampleBean - setValue() - end
16:45:56.599 [Test worker] DEBUG com.example.bean.ExampleBean - setName() - start
16:45:56.600 [Test worker] DEBUG com.example.bean.ExampleBean - setName() - end
16:45:56.600 [Test worker] DEBUG com.example.bean.ExampleBean - setValue() - start
16:45:56.600 [Test worker] DEBUG com.example.bean.ExampleBean - setValue() - end
16:45:56.612 [Test worker] DEBUG com.example.bean.ExampleBean - setName() - start
16:45:56.612 [Test worker] DEBUG com.example.bean.ExampleBean - setName() - end
16:45:56.612 [Test worker] DEBUG com.example.bean.ExampleBean - setValue() - start
16:45:56.612 [Test worker] DEBUG com.example.bean.ExampleBean - setValue() - end
16:45:56.614 [Test worker] DEBUG com.example.bean.ExampleBean - setName() - start
16:45:56.614 [Test worker] DEBUG com.example.bean.ExampleBean - setName() - end
16:45:56.614 [Test worker] DEBUG com.example.bean.ExampleBean - setValue() - start
16:45:56.614 [Test worker] DEBUG com.example.bean.ExampleBean - setValue() - end
]]></system-out>
  <system-err><![CDATA[]]></system-err>
</testsuite>
