<?xml version="1.0" encoding="UTF-8"?>
<testsuite name="com.example.domain.model.BookTest" tests="1" skipped="0" failures="0" errors="0" timestamp="2017-04-07T06:54:29" hostname="문성진-PC" time="0.005">
  <properties/>
  <testcase name="testGetTitle" classname="com.example.domain.model.BookTest" time="0.005"/>
  <system-out><![CDATA[]]></system-out>
  <system-err><![CDATA[]]></system-err>
</testsuite>
