<?xml version="1.0" encoding="UTF-8"?>
<testsuite name="WhenPerformingTheFourBasicArithmeticOperations$InAddition" tests="4" skipped="0" failures="0" errors="0" timestamp="2017-03-24T07:15:37" hostname="문성진-PC" time="0.032">
  <properties/>
  <testcase name="shouldReturnTheSumOfNumbersWhichAreNumericString" classname="WhenPerformingTheFourBasicArithmeticOperations$InAddition" time="0.006"/>
  <testcase name="shouldReturnTheSumOfNumbersWhichAreBigDecimal" classname="WhenPerformingTheFourBasicArithmeticOperations$InAddition" time="0.0"/>
  <testcase name="shouldReturnTheSumOfNumbersWhichAreNumericString" classname="WhenPerformingTheFourBasicArithmeticOperations$InAddition" time="0.0"/>
  <testcase name="shouldReturnTheSumOfNumbersWhichAreBigDecimal" classname="WhenPerformingTheFourBasicArithmeticOperations$InAddition" time="0.0"/>
  <system-out><![CDATA[]]></system-out>
  <system-err><![CDATA[]]></system-err>
</testsuite>
