<?xml version="1.0" encoding="UTF-8"?>
<testsuite name="WhenPerformingTheFourBasicArithmeticOperations$InMultiplication" tests="4" skipped="0" failures="0" errors="0" timestamp="2017-03-24T07:15:37" hostname="문성진-PC" time="0.016">
  <properties/>
  <testcase name="shouldReturnTheProductOfNumbersWhichAreBigDecimal" classname="WhenPerformingTheFourBasicArithmeticOperations$InMultiplication" time="0.0"/>
  <testcase name="shouldReturnTheProductOfNumbersWhichAreNumericString" classname="WhenPerformingTheFourBasicArithmeticOperations$InMultiplication" time="0.0"/>
  <testcase name="shouldReturnTheProductOfNumbersWhichAreBigDecimal" classname="WhenPerformingTheFourBasicArithmeticOperations$InMultiplication" time="0.0"/>
  <testcase name="shouldReturnTheProductOfNumbersWhichAreNumericString" classname="WhenPerformingTheFourBasicArithmeticOperations$InMultiplication" time="0.0"/>
  <system-out><![CDATA[]]></system-out>
  <system-err><![CDATA[]]></system-err>
</testsuite>
