<?xml version="1.0" encoding="UTF-8"?>
<testsuite name="com.example.integration.CalculateWithParameterIT" tests="3" skipped="0" failures="0" errors="0" timestamp="2017-04-07T05:32:12" hostname="문성진-PC" time="0.012">
  <properties/>
  <testcase name="when_tanyao_50_then_score_is_1600" classname="com.example.integration.CalculateWithParameterIT" time="0.011"/>
  <testcase name="when_men_tan_pin_30_then_score_is_3900" classname="com.example.integration.CalculateWithParameterIT" time="0.0"/>
  <testcase name="when_pinfu_tsumo_20_then_score_is_1300" classname="com.example.integration.CalculateWithParameterIT" time="0.0"/>
  <system-out><![CDATA[]]></system-out>
  <system-err><![CDATA[]]></system-err>
</testsuite>
