<?xml version="1.0" encoding="UTF-8"?>
<testsuite name="com.example.service.BookFinderServiceSpec" tests="2" skipped="0" failures="0" errors="0" timestamp="2017-04-07T07:01:04" hostname="문성진-PC" time="2.159">
  <properties/>
  <testcase name="IDを指定して書籍が取得できること" classname="com.example.service.BookFinderServiceSpec" time="2.143"/>
  <testcase name="書籍が全件取得できること" classname="com.example.service.BookFinderServiceSpec" time="0.015"/>
  <system-out><![CDATA[04-07 16:01:05 jdbc[3]: 
/*SQL */SET DB_CLOSE_DELAY -1;
04-07 16:01:05 jdbc[3]: 
/**/Connection conn2 = DriverManager.getConnection("jdbc:h2:mem:testdb;MODE=PostgreSQL;DB_CLOSE_DELAY=-1;TRACE_LEVEL_SYSTEM_OUT=2", "\ubb38\uc131\uc9c4", "");
04-07 16:01:05 jdbc[3]: 
/*SQL #:1 t:1*/CALL LOCK_MODE();
04-07 16:01:05 database: disconnecting session #3
04-07 16:01:05 database: connecting session #4 to mem:testdb
04-07 16:01:05 jdbc[4]: 
/*SQL */SET MODE PostgreSQL;
04-07 16:01:05 jdbc[4]: 
/*SQL */SET TRACE_LEVEL_SYSTEM_OUT 2;
04-07 16:01:05 jdbc[4]: 
/*SQL */SET DB_CLOSE_DELAY -1;
04-07 16:01:05 jdbc[4]: 
/**/Connection conn3 = DriverManager.getConnection("jdbc:h2:mem:testdb;MODE=PostgreSQL;DB_CLOSE_DELAY=-1;TRACE_LEVEL_SYSTEM_OUT=2", "\ubb38\uc131\uc9c4", "");
04-07 16:01:05 jdbc[4]: 
/*SQL */DROP TABLE IF EXISTS book CASCADE;
04-07 16:01:05 jdbc[4]: 
/*SQL t:6*/CREATE TABLE book ( id bigint auto_increment primary key, title varchar(100) NOT NULL, isbn varchar(13) NOT NULL );
04-07 16:01:05 jdbc[4]: 
/*SQL #:1 t:2*/INSERT INTO book (title, isbn) VALUES ('Grails\u5fb9\u5e95\u5165\u9580', '9784798117362');
04-07 16:01:05 jdbc[4]: 
/*SQL #:1*/INSERT INTO book (title, isbn) VALUES ('VMware\u5fb9\u5e95\u5165\u9580', '9784798128429');
04-07 16:01:05 jdbc[4]: 
/*SQL #:1*/INSERT INTO book (title, isbn) VALUES ('Hadoop\u5fb9\u5e95\u5165\u9580', '9784798129648');
04-07 16:01:05 database: disconnecting session #4
04-07 16:01:06 database: connecting session #5 to mem:testdb
04-07 16:01:06 jdbc[5]: 
/*SQL */SET MODE PostgreSQL;
04-07 16:01:06 jdbc[5]: 
/*SQL */SET TRACE_LEVEL_SYSTEM_OUT 2;
04-07 16:01:06 jdbc[5]: 
/*SQL */SET DB_CLOSE_DELAY -1;
04-07 16:01:06 jdbc[5]: 
/**/Connection conn4 = DriverManager.getConnection("jdbc:h2:mem:testdb;MODE=PostgreSQL;DB_CLOSE_DELAY=-1;TRACE_LEVEL_SYSTEM_OUT=2", "\ubb38\uc131\uc9c4", "");
04-07 16:01:06 jdbc[5]: 
/*SQL l:116 #:1 t:1*/SELECT \n\t        b.id as id, b.title as title, b.isbn as isbn\n\t    FROM\n\t        book b\n\t    WHERE\n\t        b.id = ? {1: 1};
04-07 16:01:06 jdbc[5]: 
/*SQL #:1*/CALL DATABASE();
04-07 16:01:06 database: disconnecting session #5
04-07 16:01:06 database: connecting session #6 to mem:testdb
04-07 16:01:06 jdbc[6]: 
/*SQL */SET MODE PostgreSQL;
04-07 16:01:06 jdbc[6]: 
/*SQL */SET TRACE_LEVEL_SYSTEM_OUT 2;
04-07 16:01:06 jdbc[6]: 
/*SQL */SET DB_CLOSE_DELAY -1;
04-07 16:01:06 jdbc[6]: 
/**/Connection conn5 = DriverManager.getConnection("jdbc:h2:mem:testdb;MODE=PostgreSQL;DB_CLOSE_DELAY=-1;TRACE_LEVEL_SYSTEM_OUT=2", "\ubb38\uc131\uc9c4", "");
04-07 16:01:06 jdbc[6]: 
/*SQL l:116 #:1*/SELECT \n\t        b.id as id, b.title as title, b.isbn as isbn\n\t    FROM\n\t        book b\n\t    WHERE\n\t        b.id = ? {1: 2};
04-07 16:01:06 jdbc[6]: 
/*SQL #:1*/CALL DATABASE();
04-07 16:01:06 database: disconnecting session #6
04-07 16:01:06 database: connecting session #7 to mem:testdb
04-07 16:01:06 jdbc[7]: 
/*SQL */SET MODE PostgreSQL;
04-07 16:01:06 jdbc[7]: 
/*SQL */SET TRACE_LEVEL_SYSTEM_OUT 2;
04-07 16:01:06 jdbc[7]: 
/*SQL t:1*/SET DB_CLOSE_DELAY -1;
04-07 16:01:06 jdbc[7]: 
/**/Connection conn6 = DriverManager.getConnection("jdbc:h2:mem:testdb;MODE=PostgreSQL;DB_CLOSE_DELAY=-1;TRACE_LEVEL_SYSTEM_OUT=2", "\ubb38\uc131\uc9c4", "");
04-07 16:01:06 jdbc[7]: 
/*SQL l:116 #:1*/SELECT \n\t        b.id as id, b.title as title, b.isbn as isbn\n\t    FROM\n\t        book b\n\t    WHERE\n\t        b.id = ? {1: 3};
04-07 16:01:06 jdbc[7]: 
/*SQL #:1*/CALL DATABASE();
04-07 16:01:06 database: disconnecting session #7
04-07 16:01:06 database: connecting session #8 to mem:testdb
04-07 16:01:06 jdbc[8]: 
/*SQL */SET MODE PostgreSQL;
04-07 16:01:06 jdbc[8]: 
/*SQL */SET TRACE_LEVEL_SYSTEM_OUT 2;
04-07 16:01:06 jdbc[8]: 
/*SQL */SET DB_CLOSE_DELAY -1;
04-07 16:01:06 jdbc[8]: 
/**/Connection conn7 = DriverManager.getConnection("jdbc:h2:mem:testdb;MODE=PostgreSQL;DB_CLOSE_DELAY=-1;TRACE_LEVEL_SYSTEM_OUT=2", "\ubb38\uc131\uc9c4", "");
04-07 16:01:06 jdbc[8]: 
/*SQL #:3*/SELECT \n\t        b.id as id, b.title as title, b.isbn as isbn\n\t    FROM\n\t        book b\n\t    ORDER BY\n\t        b.id;
04-07 16:01:06 jdbc[8]: 
/*SQL #:1*/CALL DATABASE();
04-07 16:01:06 database: disconnecting session #8
]]></system-out>
  <system-err><![CDATA[]]></system-err>
</testsuite>
