<?xml version="1.0" encoding="UTF-8"?>
<testsuite name="com.example.F_ExampleBeanTest" tests="10" skipped="0" failures="0" errors="0" timestamp="2017-04-07T06:40:51" hostname="문성진-PC" time="10.006">
  <properties/>
  <testcase name="doSomethingTest_01" classname="com.example.F_ExampleBeanTest" time="1.0"/>
  <testcase name="doSomethingTest_02" classname="com.example.F_ExampleBeanTest" time="1.0"/>
  <testcase name="doSomethingTest_03" classname="com.example.F_ExampleBeanTest" time="1.0"/>
  <testcase name="doSomethingTest_04" classname="com.example.F_ExampleBeanTest" time="1.0"/>
  <testcase name="doSomethingTest_05" classname="com.example.F_ExampleBeanTest" time="1.0"/>
  <testcase name="doSomethingTest_06" classname="com.example.F_ExampleBeanTest" time="1.001"/>
  <testcase name="doSomethingTest_07" classname="com.example.F_ExampleBeanTest" time="1.0"/>
  <testcase name="doSomethingTest_08" classname="com.example.F_ExampleBeanTest" time="1.0"/>
  <testcase name="doSomethingTest_09" classname="com.example.F_ExampleBeanTest" time="1.0"/>
  <testcase name="doSomethingTest_10" classname="com.example.F_ExampleBeanTest" time="1.003"/>
  <system-out><![CDATA[executing...
executing...
executing...
executing...
executing...
executing...
executing...
executing...
executing...
executing...
]]></system-out>
  <system-err><![CDATA[]]></system-err>
</testsuite>
